2024-08-30 13:01:23,270 DEBUG    root            Loaded Command Group: ['gcloud', 'run']
2024-08-30 13:01:23,389 DEBUG    root            Loaded Command Group: ['gcloud', 'run', 'deploy']
2024-08-30 13:01:23,396 DEBUG    root            Running [gcloud.run.deploy] with arguments: [--allow-unauthenticated: "True", --image: "gcr.io/jeevan-hm-portfolio-413008/portfolio:v2.0", --platform: "managed", --region: "asia-east1", SERVICE: "jeevanhm"]
2024-08-30 13:01:23,429 DEBUG    google.auth.transport.requests Making request: POST https://oauth2.googleapis.com/token
2024-08-30 13:01:23,434 DEBUG    urllib3.connectionpool Starting new HTTPS connection (1): oauth2.googleapis.com:443
2024-08-30 13:01:23,691 DEBUG    urllib3.connectionpool https://oauth2.googleapis.com:443 "POST /token HTTP/1.1" 200 None
2024-08-30 13:01:23,710 DEBUG    urllib3.connectionpool Starting new HTTPS connection (1): serviceusage.googleapis.com:443
2024-08-30 13:01:24,373 DEBUG    urllib3.connectionpool https://serviceusage.googleapis.com:443 "GET /v1/projects/jeevan-hm-portfolio-413008/services/run.googleapis.com?alt=json HTTP/1.1" 200 None
2024-08-30 13:01:24,418 DEBUG    urllib3.connectionpool Starting new HTTPS connection (1): asia-east1-run.googleapis.com:443
2024-08-30 13:01:25,393 DEBUG    urllib3.connectionpool https://asia-east1-run.googleapis.com:443 "GET /apis/serving.knative.dev/v1/namespaces/jeevan-hm-portfolio-413008/services/jeevanhm?alt=json HTTP/1.1" 200 None
2024-08-30 13:01:25,401 INFO     ___FILE_ONLY___ Deploying container to Cloud Run service [[1mjeevanhm[m] in project [[1mjeevan-hm-portfolio-413008[m] region [[1masia-east1[m]

2024-08-30 13:01:25,402 INFO     ___FILE_ONLY___ Deploying...
2024-08-30 13:01:25,408 DEBUG    urllib3.connectionpool Starting new HTTPS connection (1): asia-east1-run.googleapis.com:443
2024-08-30 13:01:26,619 DEBUG    urllib3.connectionpool https://asia-east1-run.googleapis.com:443 "PUT /apis/serving.knative.dev/v1/namespaces/jeevan-hm-portfolio-413008/services/jeevanhm?alt=json HTTP/1.1" 200 None
2024-08-30 13:01:26,624 DEBUG    urllib3.connectionpool Starting new HTTPS connection (1): run.googleapis.com:443
2024-08-30 13:01:27,749 DEBUG    urllib3.connectionpool https://run.googleapis.com:443 "GET /v1/projects/jeevan-hm-portfolio-413008/locations/asia-east1/services/jeevanhm:getIamPolicy?alt=json HTTP/1.1" 200 None
2024-08-30 13:01:27,754 DEBUG    urllib3.connectionpool Starting new HTTPS connection (1): run.googleapis.com:443
2024-08-30 13:01:29,063 DEBUG    urllib3.connectionpool https://run.googleapis.com:443 "POST /v1/projects/jeevan-hm-portfolio-413008/locations/asia-east1/services/jeevanhm:setIamPolicy?alt=json HTTP/1.1" 200 None
2024-08-30 13:01:29,070 DEBUG    urllib3.connectionpool Starting new HTTPS connection (1): asia-east1-run.googleapis.com:443
2024-08-30 13:01:30,824 DEBUG    urllib3.connectionpool https://asia-east1-run.googleapis.com:443 "POST /v1/projects/jeevan-hm-portfolio-413008/locations/asia-east1/operations/7cda4d56-0bcb-408d-9941-24a21a0a0b65:wait?alt=json HTTP/1.1" 200 None
2024-08-30 13:01:30,882 DEBUG    root            (gcloud.run.deploy) Revision 'jeevanhm-00017-qqv' is not ready and cannot serve traffic. The user-provided container failed to start and listen on the port defined provided by the PORT=8080 environment variable. Logs for this revision might contain more information.

Logs URL: https://console.cloud.google.com/logs/viewer?project=jeevan-hm-portfolio-413008&resource=cloud_run_revision/service_name/jeevanhm/revision_name/jeevanhm-00017-qqv&advancedFilter=resource.type%3D%22cloud_run_revision%22%0Aresource.labels.service_name%3D%22jeevanhm%22%0Aresource.labels.revision_name%3D%22jeevanhm-00017-qqv%22 
For more troubleshooting guidance, see https://cloud.google.com/run/docs/troubleshooting#container-failed-to-start
Traceback (most recent call last):
  File "/opt/homebrew/Caskroom/google-cloud-sdk/490.0.0/google-cloud-sdk/lib/googlecloudsdk/calliope/cli.py", line 998, in Execute
    resources = calliope_command.Run(cli=self, args=args)
                ^^^^^^^^^^^^^^^^^^^^^^^^^^^^^^^^^^^^^^^^^
  File "/opt/homebrew/Caskroom/google-cloud-sdk/490.0.0/google-cloud-sdk/lib/googlecloudsdk/calliope/backend.py", line 838, in Run
    resources = command_instance.Run(args)
                ^^^^^^^^^^^^^^^^^^^^^^^^^^
  File "/opt/homebrew/Caskroom/google-cloud-sdk/490.0.0/google-cloud-sdk/lib/surface/run/deploy.py", line 627, in Run
    service = operations.ReleaseService(
              ^^^^^^^^^^^^^^^^^^^^^^^^^^
  File "/opt/homebrew/Caskroom/google-cloud-sdk/490.0.0/google-cloud-sdk/lib/googlecloudsdk/command_lib/run/serverless_operations.py", line 939, in ReleaseService
    self.WaitForCondition(poller)
  File "/opt/homebrew/Caskroom/google-cloud-sdk/490.0.0/google-cloud-sdk/lib/googlecloudsdk/command_lib/run/serverless_operations.py", line 272, in WaitForCondition
    return waiter.PollUntilDone(poller, None, wait_ceiling_ms=1000)
           ^^^^^^^^^^^^^^^^^^^^^^^^^^^^^^^^^^^^^^^^^^^^^^^^^^^^^^^^
  File "/opt/homebrew/Caskroom/google-cloud-sdk/490.0.0/google-cloud-sdk/lib/googlecloudsdk/api_lib/util/waiter.py", line 322, in PollUntilDone
    operation = retryer.RetryOnResult(
                ^^^^^^^^^^^^^^^^^^^^^^
  File "/opt/homebrew/Caskroom/google-cloud-sdk/490.0.0/google-cloud-sdk/lib/googlecloudsdk/core/util/retry.py", line 239, in RetryOnResult
    result = func(*args, **kwargs)
             ^^^^^^^^^^^^^^^^^^^^^
  File "/opt/homebrew/Caskroom/google-cloud-sdk/490.0.0/google-cloud-sdk/lib/googlecloudsdk/command_lib/run/op_pollers.py", line 147, in Poll
    conditions = self.GetConditions()
                 ^^^^^^^^^^^^^^^^^^^^
  File "/opt/homebrew/Caskroom/google-cloud-sdk/490.0.0/google-cloud-sdk/lib/googlecloudsdk/command_lib/run/op_pollers.py", line 278, in GetConditions
    resource = self._resource_getter()
               ^^^^^^^^^^^^^^^^^^^^^^^
  File "/opt/homebrew/Caskroom/google-cloud-sdk/490.0.0/google-cloud-sdk/lib/googlecloudsdk/command_lib/run/serverless_operations.py", line 357, in WaitService
    operation = waiter.PollUntilDone(poller, op_ref)
                ^^^^^^^^^^^^^^^^^^^^^^^^^^^^^^^^^^^^
  File "/opt/homebrew/Caskroom/google-cloud-sdk/490.0.0/google-cloud-sdk/lib/googlecloudsdk/api_lib/util/waiter.py", line 322, in PollUntilDone
    operation = retryer.RetryOnResult(
                ^^^^^^^^^^^^^^^^^^^^^^
  File "/opt/homebrew/Caskroom/google-cloud-sdk/490.0.0/google-cloud-sdk/lib/googlecloudsdk/core/util/retry.py", line 249, in RetryOnResult
    if not should_retry(result, state):
           ^^^^^^^^^^^^^^^^^^^^^^^^^^^
  File "/opt/homebrew/Caskroom/google-cloud-sdk/490.0.0/google-cloud-sdk/lib/googlecloudsdk/api_lib/util/waiter.py", line 320, in _IsNotDone
    return not poller.IsDone(operation)
               ^^^^^^^^^^^^^^^^^^^^^^^^
  File "/opt/homebrew/Caskroom/google-cloud-sdk/490.0.0/google-cloud-sdk/lib/googlecloudsdk/api_lib/util/waiter.py", line 122, in IsDone
    raise OperationError(operation.error.message)
googlecloudsdk.api_lib.util.waiter.OperationError: Revision 'jeevanhm-00017-qqv' is not ready and cannot serve traffic. The user-provided container failed to start and listen on the port defined provided by the PORT=8080 environment variable. Logs for this revision might contain more information.

Logs URL: https://console.cloud.google.com/logs/viewer?project=jeevan-hm-portfolio-413008&resource=cloud_run_revision/service_name/jeevanhm/revision_name/jeevanhm-00017-qqv&advancedFilter=resource.type%3D%22cloud_run_revision%22%0Aresource.labels.service_name%3D%22jeevanhm%22%0Aresource.labels.revision_name%3D%22jeevanhm-00017-qqv%22 
For more troubleshooting guidance, see https://cloud.google.com/run/docs/troubleshooting#container-failed-to-start
2024-08-30 13:01:30,890 ERROR    root            (gcloud.run.deploy) Revision 'jeevanhm-00017-qqv' is not ready and cannot serve traffic. The user-provided container failed to start and listen on the port defined provided by the PORT=8080 environment variable. Logs for this revision might contain more information.

Logs URL: https://console.cloud.google.com/logs/viewer?project=jeevan-hm-portfolio-413008&resource=cloud_run_revision/service_name/jeevanhm/revision_name/jeevanhm-00017-qqv&advancedFilter=resource.type%3D%22cloud_run_revision%22%0Aresource.labels.service_name%3D%22jeevanhm%22%0Aresource.labels.revision_name%3D%22jeevanhm-00017-qqv%22 
For more troubleshooting guidance, see https://cloud.google.com/run/docs/troubleshooting#container-failed-to-start
