2024-08-29 23:21:53,301 DEBUG    root            Loaded Command Group: ['gcloud', 'init']
2024-08-29 23:21:53,302 DEBUG    root            Running [gcloud.init] with arguments: []
2024-08-29 23:21:53,302 INFO     ___FILE_ONLY___ Welcome! This command will take you through the configuration of gcloud.


2024-08-29 23:21:53,303 INFO     ___FILE_ONLY___ Your current configuration has been set to: [default]


2024-08-29 23:21:53,303 INFO     ___FILE_ONLY___ You can skip diagnostics next time by using the following flag:

2024-08-29 23:21:53,303 INFO     ___FILE_ONLY___   gcloud init --skip-diagnostics


2024-08-29 23:21:53,303 INFO     ___FILE_ONLY___ Network diagnostic detects and fixes local network connection issues.

2024-08-29 23:21:53,303 INFO     ___FILE_ONLY___ Checking network connection...
2024-08-29 23:21:54,525 DEBUG    urllib3.connectionpool Starting new HTTPS connection (1): accounts.google.com:443
2024-08-29 23:21:54,678 DEBUG    urllib3.connectionpool https://accounts.google.com:443 "GET / HTTP/1.1" 302 365
2024-08-29 23:21:54,745 DEBUG    urllib3.connectionpool https://accounts.google.com:443 "GET /ServiceLogin?passive=1209600&continue=https%3A%2F%2Faccounts.google.com%2F&followup=https%3A%2F%2Faccounts.google.com%2F HTTP/1.1" 302 0
2024-08-29 23:21:54,816 DEBUG    urllib3.connectionpool https://accounts.google.com:443 "GET /InteractiveLogin?continue=https://accounts.google.com/&followup=https://accounts.google.com/&passive=1209600&ifkv=Ab5oB3ql9A_Bxr_K-2ACz5PMyNvtk_rzYqfJnWVRoT_T29WzdwqfNxX8zGjrCuKJZkXDRiA4iGqTQA HTTP/1.1" 302 553
2024-08-29 23:21:54,899 DEBUG    urllib3.connectionpool https://accounts.google.com:443 "GET /v3/signin/identifier?continue=https%3A%2F%2Faccounts.google.com%2F&followup=https%3A%2F%2Faccounts.google.com%2F&ifkv=Ab5oB3rkPw95i7tlY2-Kygzax37OkEzKmWY1LnLJxPJch5ckXv2YaaSSF-EBZfq6RTIA2SjbrnpTIw&passive=1209600&flowName=WebLiteSignIn&flowEntry=ServiceLogin&dsh=S272254123%3A1724998914813213 HTTP/1.1" 200 None
2024-08-29 23:21:54,988 DEBUG    urllib3.connectionpool Starting new HTTPS connection (1): cloudresourcemanager.googleapis.com:443
2024-08-29 23:21:55,235 DEBUG    urllib3.connectionpool https://cloudresourcemanager.googleapis.com:443 "GET /v1beta1/projects HTTP/1.1" 401 None
2024-08-29 23:21:55,242 DEBUG    urllib3.connectionpool Starting new HTTPS connection (1): www.googleapis.com:443
2024-08-29 23:21:55,353 DEBUG    urllib3.connectionpool https://www.googleapis.com:443 "GET /auth/cloud-platform HTTP/1.1" 200 14
2024-08-29 23:21:55,357 DEBUG    urllib3.connectionpool Starting new HTTPS connection (1): dl.google.com:443
2024-08-29 23:21:55,502 DEBUG    urllib3.connectionpool https://dl.google.com:443 "GET /dl/cloudsdk/channels/rapid/components-2.json HTTP/1.1" 200 229029
2024-08-29 23:21:55,755 INFO     ___FILE_ONLY___ Reachability Check passed.

2024-08-29 23:21:55,756 INFO     ___FILE_ONLY___ Network diagnostic passed (1/1 checks passed).


2024-08-29 23:21:57,623 DEBUG    root            Loaded Command Group: ['gcloud', 'auth']
2024-08-29 23:21:57,644 DEBUG    root            Loaded Command Group: ['gcloud', 'auth', 'login']
2024-08-29 23:21:57,645 INFO     root            Executing: [gcloud auth login --force --brief]
2024-08-29 23:21:57,647 DEBUG    root            Running [gcloud.auth.login] with arguments: [--brief: "True", --force: "True"]
2024-08-29 23:21:57,723 DEBUG    requests_oauthlib.oauth2_session Generated new state QZjO1qrRNhSDYWBomoGKGqC10iTSdZ.
2024-08-29 23:21:58,402 INFO     ___FILE_ONLY___ Your browser has been opened to visit:

    https://accounts.google.com/o/oauth2/auth?response_type=code&client_id=32555940559.apps.googleusercontent.com&redirect_uri=http%3A%2F%2Flocalhost%3A8085%2F&scope=openid+https%3A%2F%2Fwww.googleapis.com%2Fauth%2Fuserinfo.email+https%3A%2F%2Fwww.googleapis.com%2Fauth%2Fcloud-platform+https%3A%2F%2Fwww.googleapis.com%2Fauth%2Fappengine.admin+https%3A%2F%2Fwww.googleapis.com%2Fauth%2Fsqlservice.login+https%3A%2F%2Fwww.googleapis.com%2Fauth%2Fcompute+https%3A%2F%2Fwww.googleapis.com%2Fauth%2Faccounts.reauth&state=QZjO1qrRNhSDYWBomoGKGqC10iTSdZ&access_type=offline&code_challenge=QXBsiaxKQQOyoM9NP4M0ib5hGSpjdIVVdaLpKQVtzVQ&code_challenge_method=S256


2024-08-29 23:22:04,026 INFO     google_auth_oauthlib.flow "GET /?state=QZjO1qrRNhSDYWBomoGKGqC10iTSdZ&code=4/0AQlEd8ziC5LTPbywFkzOVPA1lGLIAzdOqm8NjgXgZorkiOvXdRUG3NA0ZLOxsnauermgMQ&scope=email%20openid%20https://www.googleapis.com/auth/userinfo.email%20https://www.googleapis.com/auth/cloud-platform%20https://www.googleapis.com/auth/appengine.admin%20https://www.googleapis.com/auth/sqlservice.login%20https://www.googleapis.com/auth/compute%20https://www.googleapis.com/auth/accounts.reauth&authuser=0&prompt=consent HTTP/1.1" 200 959
2024-08-29 23:22:04,029 DEBUG    requests_oauthlib.oauth2_session Requesting url https://oauth2.googleapis.com/token using method POST.
2024-08-29 23:22:04,029 DEBUG    requests_oauthlib.oauth2_session Supplying headers {b'Accept': b'application/json', b'Content-Type': b'application/x-www-form-urlencoded;charset=UTF-8', b'user-agent': b'google-cloud-sdk gcloud/490.0.0 command/gcloud.auth.login invocation-id/f9a1fb9c7ba7447c9437273f091ff721 environment/None environment-version/None client-os/MACOSX client-os-ver/23.6.0 client-pltf-arch/arm interactive/True from-script/False python/3.11.9 term/xterm-256color (Macintosh; Intel Mac OS X 23.6.0)'} and data {'grant_type': 'authorization_code', 'client_id': '32555940559.apps.googleusercontent.com', 'client_secret': 'ZmssLNjJy2998hD4CTg2ejr2', 'code': '4/0AQlEd8ziC5LTPbywFkzOVPA1lGLIAzdOqm8NjgXgZorkiOvXdRUG3NA0ZLOxsnauermgMQ', 'redirect_uri': 'http://localhost:8085/', 'code_verifier': 'caT0XsEvdgxfV9zFxQrNXsD..hTeqwrsm~nS6YNQk1ZS82oXE9KOOgTaFuKhoOB5XuXoQ-2peWGSmVnnhKXX30dY~txiBxAUW6e0xa4kc3DOnRcOouly46ScVYYj06bT'}
2024-08-29 23:22:04,029 DEBUG    requests_oauthlib.oauth2_session Passing through key word arguments {'json': None, 'timeout': None, 'auth': None, 'verify': None, 'proxies': None}.
2024-08-29 23:22:04,033 DEBUG    urllib3.connectionpool Starting new HTTPS connection (1): oauth2.googleapis.com:443
2024-08-29 23:22:04,303 DEBUG    urllib3.connectionpool https://oauth2.googleapis.com:443 "POST /token HTTP/1.1" 200 None
2024-08-29 23:22:04,307 DEBUG    requests_oauthlib.oauth2_session Prepared fetch token request body grant_type=authorization_code&client_id=32555940559.apps.googleusercontent.com&client_secret=ZmssLNjJy2998hD4CTg2ejr2&code=4%2F0AQlEd8ziC5LTPbywFkzOVPA1lGLIAzdOqm8NjgXgZorkiOvXdRUG3NA0ZLOxsnauermgMQ&redirect_uri=http%3A%2F%2Flocalhost%3A8085%2F&code_verifier=caT0XsEvdgxfV9zFxQrNXsD..hTeqwrsm~nS6YNQk1ZS82oXE9KOOgTaFuKhoOB5XuXoQ-2peWGSmVnnhKXX30dY~txiBxAUW6e0xa4kc3DOnRcOouly46ScVYYj06bT
2024-08-29 23:22:04,308 DEBUG    requests_oauthlib.oauth2_session Request to fetch token completed with status 200.
2024-08-29 23:22:04,309 DEBUG    requests_oauthlib.oauth2_session Request headers were {'user-agent': b'google-cloud-sdk gcloud/490.0.0 command/gcloud.auth.login invocation-id/f9a1fb9c7ba7447c9437273f091ff721 environment/None environment-version/None client-os/MACOSX client-os-ver/23.6.0 client-pltf-arch/arm interactive/True from-script/False python/3.11.9 term/xterm-256color (Macintosh; Intel Mac OS X 23.6.0)', 'Accept-Encoding': 'gzip, deflate', 'Accept': b'application/json', 'Connection': 'keep-alive', 'Content-Type': b'application/x-www-form-urlencoded;charset=UTF-8', 'Content-Length': '387'}
2024-08-29 23:22:04,309 DEBUG    requests_oauthlib.oauth2_session Request body was grant_type=authorization_code&client_id=32555940559.apps.googleusercontent.com&client_secret=ZmssLNjJy2998hD4CTg2ejr2&code=4%2F0AQlEd8ziC5LTPbywFkzOVPA1lGLIAzdOqm8NjgXgZorkiOvXdRUG3NA0ZLOxsnauermgMQ&redirect_uri=http%3A%2F%2Flocalhost%3A8085%2F&code_verifier=caT0XsEvdgxfV9zFxQrNXsD..hTeqwrsm~nS6YNQk1ZS82oXE9KOOgTaFuKhoOB5XuXoQ-2peWGSmVnnhKXX30dY~txiBxAUW6e0xa4kc3DOnRcOouly46ScVYYj06bT
2024-08-29 23:22:04,309 DEBUG    requests_oauthlib.oauth2_session Response headers were {'Date': 'Fri, 30 Aug 2024 06:22:04 GMT', 'Cache-Control': 'no-cache, no-store, max-age=0, must-revalidate', 'Pragma': 'no-cache', 'Expires': 'Mon, 01 Jan 1990 00:00:00 GMT', 'Content-Type': 'application/json; charset=utf-8', 'Vary': 'Origin, X-Origin, Referer', 'Content-Encoding': 'gzip', 'Server': 'scaffolding on HTTPServer2', 'X-XSS-Protection': '0', 'X-Frame-Options': 'SAMEORIGIN', 'X-Content-Type-Options': 'nosniff', 'Alt-Svc': 'h3=":443"; ma=2592000,h3-29=":443"; ma=2592000', 'Transfer-Encoding': 'chunked'} and content {
  "access_token": "ya29.a0AcM612zGyvjhYW3bUg6VP0R8bifVfrwa2ztXJaHtQlyvppeshueoOvY9dyQ7tlEfeE66nSAI0VDJ0GabR-ksSvPU45nDgRwdXgDiLyb1WQq6lbjwH-a4ifOQXDow-eBTASDsHe6o0ZcFmqgMZTdbZ3w8PxeyKLqrg5rwqZhrJ3-qqAaCgYKAbsSARISFQHGX2Mi2kDqX-1whg5QiXWzX976ow0181",
  "expires_in": 3599,
  "refresh_token": "1//06XOGEvHu3mj9CgYIARAAGAYSNwF-L9IrGmaqNV5CI0dWyOjVJMgQBOrJcg1vwR892IVYFdDFNWHpzPIwGQvMCn3gT3dFmltl0EA",
  "scope": "https://www.googleapis.com/auth/sqlservice.login https://www.googleapis.com/auth/appengine.admin https://www.googleapis.com/auth/accounts.reauth https://www.googleapis.com/auth/userinfo.email https://www.googleapis.com/auth/compute openid https://www.googleapis.com/auth/cloud-platform",
  "token_type": "Bearer",
  "id_token": "eyJhbGciOiJSUzI1NiIsImtpZCI6ImIyZjgwYzYzNDYwMGVkMTMwNzIxMDFhOGI0MjIwNDQzNDMzZGIyODIiLCJ0eXAiOiJKV1QifQ.eyJpc3MiOiJodHRwczovL2FjY291bnRzLmdvb2dsZS5jb20iLCJhenAiOiIzMjU1NTk0MDU1OS5hcHBzLmdvb2dsZXVzZXJjb250ZW50LmNvbSIsImF1ZCI6IjMyNTU1OTQwNTU5LmFwcHMuZ29vZ2xldXNlcmNvbnRlbnQuY29tIiwic3ViIjoiMTE2MTE4NjUxNzY2MTQwNDU4MzQyIiwiZW1haWwiOiJqZWV2YW5obTMwOEBnbWFpbC5jb20iLCJlbWFpbF92ZXJpZmllZCI6dHJ1ZSwiYXRfaGFzaCI6InhWUlpyR1pCc0VVVThyNV9OR1VwcGciLCJpYXQiOjE3MjQ5OTg5MjQsImV4cCI6MTcyNTAwMjUyNH0.lyRzG5OZbqfRIXcN56z52huj_yXJTyobaXOnmMK34mobdpOllW88TUvVy9E8JXRIhJjj_lwg4UrYmV4S-r4vDJLH6_I6sXDpa14n6hM0pttpEMyJr87TLrFXo2CzCYNxfv-MZ8KAwJD-33jC2NR_5ots-o7kGWsJ1Wf5rT_ik7ySly8oAzBNSAfp9uX8D2NLbOgtaQdHuIHCJUz9o4pcvG7tHXAYiTaUZ0ikNVr3TZCkyi36J9d9gPtabYkph7fmAeNFVe8xnYIE7SxR9YGzDHsqYYnrF4VPgK3dupxUs5ppWoiN9t6-7ndFavAR_2j9ZDqDHRvvELvks0CSDmytIA"
}.
2024-08-29 23:22:04,309 DEBUG    requests_oauthlib.oauth2_session Invoking 0 token response hooks.
2024-08-29 23:22:04,310 DEBUG    requests_oauthlib.oauth2_session Obtained token {'access_token': 'ya29.a0AcM612zGyvjhYW3bUg6VP0R8bifVfrwa2ztXJaHtQlyvppeshueoOvY9dyQ7tlEfeE66nSAI0VDJ0GabR-ksSvPU45nDgRwdXgDiLyb1WQq6lbjwH-a4ifOQXDow-eBTASDsHe6o0ZcFmqgMZTdbZ3w8PxeyKLqrg5rwqZhrJ3-qqAaCgYKAbsSARISFQHGX2Mi2kDqX-1whg5QiXWzX976ow0181', 'expires_in': 3599, 'refresh_token': '1//06XOGEvHu3mj9CgYIARAAGAYSNwF-L9IrGmaqNV5CI0dWyOjVJMgQBOrJcg1vwR892IVYFdDFNWHpzPIwGQvMCn3gT3dFmltl0EA', 'scope': ['https://www.googleapis.com/auth/sqlservice.login', 'https://www.googleapis.com/auth/appengine.admin', 'https://www.googleapis.com/auth/accounts.reauth', 'https://www.googleapis.com/auth/userinfo.email', 'https://www.googleapis.com/auth/compute', 'openid', 'https://www.googleapis.com/auth/cloud-platform'], 'token_type': 'Bearer', 'id_token': 'eyJhbGciOiJSUzI1NiIsImtpZCI6ImIyZjgwYzYzNDYwMGVkMTMwNzIxMDFhOGI0MjIwNDQzNDMzZGIyODIiLCJ0eXAiOiJKV1QifQ.eyJpc3MiOiJodHRwczovL2FjY291bnRzLmdvb2dsZS5jb20iLCJhenAiOiIzMjU1NTk0MDU1OS5hcHBzLmdvb2dsZXVzZXJjb250ZW50LmNvbSIsImF1ZCI6IjMyNTU1OTQwNTU5LmFwcHMuZ29vZ2xldXNlcmNvbnRlbnQuY29tIiwic3ViIjoiMTE2MTE4NjUxNzY2MTQwNDU4MzQyIiwiZW1haWwiOiJqZWV2YW5obTMwOEBnbWFpbC5jb20iLCJlbWFpbF92ZXJpZmllZCI6dHJ1ZSwiYXRfaGFzaCI6InhWUlpyR1pCc0VVVThyNV9OR1VwcGciLCJpYXQiOjE3MjQ5OTg5MjQsImV4cCI6MTcyNTAwMjUyNH0.lyRzG5OZbqfRIXcN56z52huj_yXJTyobaXOnmMK34mobdpOllW88TUvVy9E8JXRIhJjj_lwg4UrYmV4S-r4vDJLH6_I6sXDpa14n6hM0pttpEMyJr87TLrFXo2CzCYNxfv-MZ8KAwJD-33jC2NR_5ots-o7kGWsJ1Wf5rT_ik7ySly8oAzBNSAfp9uX8D2NLbOgtaQdHuIHCJUz9o4pcvG7tHXAYiTaUZ0ikNVr3TZCkyi36J9d9gPtabYkph7fmAeNFVe8xnYIE7SxR9YGzDHsqYYnrF4VPgK3dupxUs5ppWoiN9t6-7ndFavAR_2j9ZDqDHRvvELvks0CSDmytIA', 'expires_at': 1725002523.310176}.
2024-08-29 23:22:04,326 DEBUG    root            Chosen display Format:none
2024-08-29 23:22:04,327 INFO     root            Display format: "none"
2024-08-29 23:22:04,362 DEBUG    root            Checking for updates...
2024-08-29 23:22:04,364 DEBUG    urllib3.connectionpool Starting new HTTPS connection (1): dl.google.com:443
2024-08-29 23:22:04,496 DEBUG    urllib3.connectionpool https://dl.google.com:443 "GET /dl/cloudsdk/channels/rapid/components-2.json HTTP/1.1" 200 229029
2024-08-29 23:22:04,606 DEBUG    root            Updating notification cache...
2024-08-29 23:22:04,609 INFO     ___FILE_ONLY___ You are signed in as: [jeevanhm308@gmail.com].


2024-08-29 23:22:04,630 DEBUG    urllib3.connectionpool Starting new HTTPS connection (1): cloudresourcemanager.googleapis.com:443
2024-08-29 23:22:05,092 DEBUG    urllib3.connectionpool https://cloudresourcemanager.googleapis.com:443 "GET /v1/projects?alt=json&filter=lifecycleState%3AACTIVE&pageSize=201 HTTP/1.1" 200 None
2024-08-29 23:22:10,068 INFO     ___FILE_ONLY___ Your current project has been set to: [jeevan-hm-portfolio-413008].


2024-08-29 23:22:10,165 DEBUG    root            Loaded Command Group: ['gcloud', 'compute']
2024-08-29 23:22:10,167 DEBUG    root            Loaded Command Group: ['gcloud', 'compute', 'project_info']
2024-08-29 23:22:10,181 DEBUG    root            Loaded Command Group: ['gcloud', 'compute', 'project-info', 'describe']
2024-08-29 23:22:10,182 INFO     root            Executing: [gcloud compute project-info describe --quiet]
2024-08-29 23:22:10,182 DEBUG    root            Running [gcloud.compute.project-info.describe] with arguments: [--no-user-output-enabled: "false", --quiet: "True", --verbosity: "none"]
2024-08-29 23:22:10,390 DEBUG    urllib3.connectionpool Starting new HTTPS connection (1): compute.googleapis.com:443
2024-08-29 23:22:10,594 DEBUG    urllib3.connectionpool https://compute.googleapis.com:443 "GET /compute/v1/projects/jeevan-hm-portfolio-413008?alt=json HTTP/1.1" 403 None
2024-08-29 23:22:10,596 DEBUG    root            Chosen display Format:default
2024-08-29 23:22:10,600 DEBUG    root            Chosen display Format:default
2024-08-29 23:22:10,602 DEBUG    root            Chosen display Format:default
2024-08-29 23:22:10,610 DEBUG    root            Chosen display Format:default
2024-08-29 23:22:10,604 DEBUG    root            (gcloud.compute.project-info.describe) [jeevanhm308@gmail.com] does not have permission to access projects instance [jeevan-hm-portfolio-413008] (or it may not exist): Compute Engine API has not been used in project jeevan-hm-portfolio-413008 before or it is disabled. Enable it by visiting https://console.developers.google.com/apis/api/compute.googleapis.com/overview?project=jeevan-hm-portfolio-413008 then retry. If you enabled this API recently, wait a few minutes for the action to propagate to our systems and retry. This command is authenticated as jeevanhm308@gmail.com which is the active account specified by the [core/account] property.
- '@type': type.googleapis.com/google.rpc.Help
  links:
  - description: Google developers console API activation
    url: https://console.developers.google.com/apis/api/compute.googleapis.com/overview?project=jeevan-hm-portfolio-413008
- '@type': type.googleapis.com/google.rpc.ErrorInfo
  domain: googleapis.com
  metadatas:
    consumer: projects/jeevan-hm-portfolio-413008
    service: compute.googleapis.com
  reason: SERVICE_DISABLED
Traceback (most recent call last):
  File "/opt/homebrew/Caskroom/google-cloud-sdk/490.0.0/google-cloud-sdk/lib/googlecloudsdk/calliope/cli.py", line 998, in Execute
    resources = calliope_command.Run(cli=self, args=args)
                ^^^^^^^^^^^^^^^^^^^^^^^^^^^^^^^^^^^^^^^^^
  File "/opt/homebrew/Caskroom/google-cloud-sdk/490.0.0/google-cloud-sdk/lib/googlecloudsdk/calliope/backend.py", line 838, in Run
    resources = command_instance.Run(args)
                ^^^^^^^^^^^^^^^^^^^^^^^^^^
  File "/opt/homebrew/Caskroom/google-cloud-sdk/490.0.0/google-cloud-sdk/lib/surface/compute/project_info/describe.py", line 37, in Run
    return client.MakeRequests([(client.apitools_client.projects, 'Get',
           ^^^^^^^^^^^^^^^^^^^^^^^^^^^^^^^^^^^^^^^^^^^^^^^^^^^^^^^^^^^^^
  File "/opt/homebrew/Caskroom/google-cloud-sdk/490.0.0/google-cloud-sdk/lib/googlecloudsdk/api_lib/compute/client_adapter.py", line 128, in MakeRequests
    objects = list(
              ^^^^^
  File "/opt/homebrew/Caskroom/google-cloud-sdk/490.0.0/google-cloud-sdk/lib/googlecloudsdk/api_lib/compute/request_helper.py", line 321, in MakeRequests
    responses, new_errors = single_request_helper.MakeSingleRequest(
                            ^^^^^^^^^^^^^^^^^^^^^^^^^^^^^^^^^^^^^^^^
  File "/opt/homebrew/Caskroom/google-cloud-sdk/490.0.0/google-cloud-sdk/lib/googlecloudsdk/api_lib/compute/single_request_helper.py", line 69, in MakeSingleRequest
    response = getattr(service, method)(request=request_body)
               ^^^^^^^^^^^^^^^^^^^^^^^^^^^^^^^^^^^^^^^^^^^^^^
  File "/opt/homebrew/Caskroom/google-cloud-sdk/490.0.0/google-cloud-sdk/lib/googlecloudsdk/generated_clients/apis/compute/v1/compute_v1_client.py", line 11060, in Get
    return self._RunMethod(
           ^^^^^^^^^^^^^^^^
  File "/opt/homebrew/Caskroom/google-cloud-sdk/490.0.0/google-cloud-sdk/lib/third_party/apitools/base/py/base_api.py", line 734, in _RunMethod
    http_response = http_wrapper.MakeRequest(
                    ^^^^^^^^^^^^^^^^^^^^^^^^^
  File "/opt/homebrew/Caskroom/google-cloud-sdk/490.0.0/google-cloud-sdk/lib/third_party/apitools/base/py/http_wrapper.py", line 348, in MakeRequest
    return _MakeRequestNoRetry(
           ^^^^^^^^^^^^^^^^^^^^
  File "/opt/homebrew/Caskroom/google-cloud-sdk/490.0.0/google-cloud-sdk/lib/third_party/apitools/base/py/http_wrapper.py", line 406, in _MakeRequestNoRetry
    check_response_func(response)
  File "/opt/homebrew/Caskroom/google-cloud-sdk/490.0.0/google-cloud-sdk/lib/googlecloudsdk/api_lib/util/apis.py", line 243, in _CheckResponse
    _CheckForApiEnablementError(response_as_error)
  File "/opt/homebrew/Caskroom/google-cloud-sdk/490.0.0/google-cloud-sdk/lib/googlecloudsdk/api_lib/util/apis.py", line 209, in _CheckForApiEnablementError
    PromptToEnableApi(*enablement_info)
  File "/opt/homebrew/Caskroom/google-cloud-sdk/490.0.0/google-cloud-sdk/lib/googlecloudsdk/api_lib/util/apis.py", line 192, in PromptToEnableApi
    raise exception
googlecloudsdk.api_lib.util.exceptions.HttpException: [jeevanhm308@gmail.com] does not have permission to access projects instance [jeevan-hm-portfolio-413008] (or it may not exist): Compute Engine API has not been used in project jeevan-hm-portfolio-413008 before or it is disabled. Enable it by visiting https://console.developers.google.com/apis/api/compute.googleapis.com/overview?project=jeevan-hm-portfolio-413008 then retry. If you enabled this API recently, wait a few minutes for the action to propagate to our systems and retry. This command is authenticated as jeevanhm308@gmail.com which is the active account specified by the [core/account] property.
- '@type': type.googleapis.com/google.rpc.Help
  links:
  - description: Google developers console API activation
    url: https://console.developers.google.com/apis/api/compute.googleapis.com/overview?project=jeevan-hm-portfolio-413008
- '@type': type.googleapis.com/google.rpc.ErrorInfo
  domain: googleapis.com
  metadatas:
    consumer: projects/jeevan-hm-portfolio-413008
    service: compute.googleapis.com
  reason: SERVICE_DISABLED
2024-08-29 23:22:10,613 ERROR    root            (gcloud.compute.project-info.describe) [jeevanhm308@gmail.com] does not have permission to access projects instance [jeevan-hm-portfolio-413008] (or it may not exist): Compute Engine API has not been used in project jeevan-hm-portfolio-413008 before or it is disabled. Enable it by visiting https://console.developers.google.com/apis/api/compute.googleapis.com/overview?project=jeevan-hm-portfolio-413008 then retry. If you enabled this API recently, wait a few minutes for the action to propagate to our systems and retry. This command is authenticated as jeevanhm308@gmail.com which is the active account specified by the [core/account] property.
- '@type': type.googleapis.com/google.rpc.Help
  links:
  - description: Google developers console API activation
    url: https://console.developers.google.com/apis/api/compute.googleapis.com/overview?project=jeevan-hm-portfolio-413008
- '@type': type.googleapis.com/google.rpc.ErrorInfo
  domain: googleapis.com
  metadatas:
    consumer: projects/jeevan-hm-portfolio-413008
    service: compute.googleapis.com
  reason: SERVICE_DISABLED
2024-08-29 23:22:10,613 INFO     root            [compute project-info describe --quiet] has failed

2024-08-29 23:22:10,613 INFO     ___FILE_ONLY___ Not setting default zone/region (this feature makes it easier to use
[gcloud compute] by setting an appropriate default value for the
--zone and --region flag).
See https://cloud.google.com/compute/docs/gcloud-compute section on how to set
default compute region and zone manually. If you would like [gcloud init] to be
able to do this for you the next time you run it, make sure the
Compute Engine API is enabled for your project on the
https://console.developers.google.com/apis page.


2024-08-29 23:22:10,613 DEBUG    root            Executing command: ['/opt/homebrew/share/google-cloud-sdk/bin/gsutil', 'config', '-n', '-o', '/Users/jeevan/.boto']
2024-08-29 23:22:12,672 DEBUG    ___FILE_ONLY___ 
2024-08-29 23:22:12,672 DEBUG    ___FILE_ONLY___ This command will create a boto config file at /Users/jeevan/.boto
containing your credentials, based on your responses to the following
questions.

Boto config file "/Users/jeevan/.boto" created. If you need to use a
proxy to access the Internet please see the instructions in that file.

2024-08-29 23:22:12,672 INFO     ___FILE_ONLY___ Created a default .boto configuration file at [/Users/jeevan/.boto]. See this file and
[https://cloud.google.com/storage/docs/gsutil/commands/config] for more
information about configuring Google Cloud Storage.

2024-08-29 23:22:12,672 INFO     ___FILE_ONLY___ The Google Cloud CLI is configured and ready to use!


2024-08-29 23:22:12,673 INFO     ___FILE_ONLY___ * Commands that require authentication will use jeevanhm308@gmail.com by default

2024-08-29 23:22:12,673 INFO     ___FILE_ONLY___ * Commands will reference project `jeevan-hm-portfolio-413008` by default

2024-08-29 23:22:12,673 INFO     ___FILE_ONLY___ Run `gcloud help config` to learn how to change individual settings


2024-08-29 23:22:12,673 INFO     ___FILE_ONLY___ This gcloud configuration is called [default]. You can create additional configurations if you work with multiple accounts and/or projects.

2024-08-29 23:22:12,673 INFO     ___FILE_ONLY___ Run `gcloud topic configurations` to learn more.


2024-08-29 23:22:12,673 INFO     ___FILE_ONLY___ Some things to try next:


2024-08-29 23:22:12,673 INFO     ___FILE_ONLY___ * Run `gcloud --help` to see the Cloud Platform services you can interact with. And run `gcloud help COMMAND` to get help on any gcloud command.

2024-08-29 23:22:12,673 INFO     ___FILE_ONLY___ * Run `gcloud topic --help` to learn about advanced features of the CLI like arg files and output formatting

2024-08-29 23:22:12,673 INFO     ___FILE_ONLY___ * Run `gcloud cheat-sheet` to see a roster of go-to `gcloud` commands.

2024-08-29 23:22:12,673 DEBUG    root            Chosen display Format:default
2024-08-29 23:22:12,673 INFO     root            Display format: "default"
